<?xml version="1.0" encoding="UTF-8"?>
<!-- Generated by org.testng.reporters.JUnitReportReporter -->
<testsuite hostname="P4A-508SD6V" name="pom.accenture.test.RegistrationTest" tests="1" failures="0" timestamp="25 Jul 2018 06:43:02 GMT" time="9.401" errors="0">
  <testcase name="TestRegistration" time="9.401" classname="pom.accenture.test.RegistrationTest"/>
</testsuite> <!-- pom.accenture.test.RegistrationTest -->
