<?xml version="1.0" encoding="UTF-8"?>
<!-- Generated by org.testng.reporters.JUnitReportReporter -->
<testsuite hostname="P4A-508SD6V" name="pom.accenture.test.Demo05_Cookies" tests="1" failures="0" timestamp="24 Jul 2018 07:36:56 GMT" time="1.202" errors="0">
  <testcase name="cookies" time="1.202" classname="pom.accenture.test.Demo05_Cookies"/>
</testsuite> <!-- pom.accenture.test.Demo05_Cookies -->
